{"/Users/dane/dinnerapp/What-sForDinner/packages/express-backend/models/restaurant.js": {"path":"/Users/dane/dinnerapp/What-sForDinner/packages/express-backend/models/restaurant.js","statementMap":{"0":{"start":{"line":1,"column":17},"end":{"line":1,"column":36}},"1":{"start":{"line":4,"column":25},"end":{"line":15,"column":2}},"2":{"start":{"line":17,"column":0},"end":{"line":17,"column":54}},"3":{"start":{"line":25,"column":19},"end":{"line":25,"column":67}},"4":{"start":{"line":27,"column":27},"end":{"line":30,"column":1}},"5":{"start":{"line":28,"column":25},"end":{"line":28,"column":88}},"6":{"start":{"line":29,"column":2},"end":{"line":29,"column":58}},"7":{"start":{"line":32,"column":0},"end":{"line":32,"column":52}}},"fnMap":{"0":{"name":"(anonymous_0)","decl":{"start":{"line":27,"column":27},"end":{"line":27,"column":28}},"loc":{"start":{"line":27,"column":37},"end":{"line":30,"column":1}},"line":27}},"branchMap":{},"s":{"0":1,"1":1,"2":1,"3":1,"4":1,"5":1,"6":1,"7":1},"f":{"0":1},"b":{},"_coverageSchema":"1a1c01bbd47fc00a2c39e90264f33305004495a9","hash":"e8a97c3b05cd9433a12030833f835eb09a236fe1"}
,"/Users/dane/dinnerapp/What-sForDinner/packages/express-backend/models/users.js": {"path":"/Users/dane/dinnerapp/What-sForDinner/packages/express-backend/models/users.js","statementMap":{"0":{"start":{"line":1,"column":17},"end":{"line":1,"column":36}},"1":{"start":{"line":4,"column":19},"end":{"line":24,"column":2}},"2":{"start":{"line":26,"column":0},"end":{"line":26,"column":48}},"3":{"start":{"line":28,"column":14},"end":{"line":28,"column":48}},"4":{"start":{"line":31,"column":0},"end":{"line":31,"column":23}}},"fnMap":{},"branchMap":{},"s":{"0":1,"1":1,"2":1,"3":1,"4":1},"f":{},"b":{},"_coverageSchema":"1a1c01bbd47fc00a2c39e90264f33305004495a9","hash":"de3ac62b25776b31ccae7701e7a50a0f411826c0"}
}
